2025/10/08 09:28:52 [emerg] 1#1: unexpected ";" in /etc/nginx/conf.d/carmarket.conf:23
2025/10/08 09:28:53 [emerg] 1#1: unexpected ";" in /etc/nginx/conf.d/carmarket.conf:23
2025/10/08 09:28:54 [emerg] 1#1: unexpected ";" in /etc/nginx/conf.d/carmarket.conf:23
2025/10/08 09:28:55 [emerg] 1#1: unexpected ";" in /etc/nginx/conf.d/carmarket.conf:23
2025/10/08 09:28:56 [emerg] 1#1: unexpected ";" in /etc/nginx/conf.d/carmarket.conf:23
2025/10/08 09:28:58 [emerg] 1#1: unexpected ";" in /etc/nginx/conf.d/carmarket.conf:23
2025/10/08 09:29:02 [emerg] 1#1: unexpected ";" in /etc/nginx/conf.d/carmarket.conf:23
2025/10/08 09:31:34 [notice] 1#1: using the "epoll" event method
2025/10/08 09:31:34 [notice] 1#1: nginx/1.29.2
2025/10/08 09:31:34 [notice] 1#1: built by gcc 14.2.0 (Debian 14.2.0-19) 
2025/10/08 09:31:34 [notice] 1#1: OS: Linux 6.10.14-linuxkit
2025/10/08 09:31:34 [notice] 1#1: getrlimit(RLIMIT_NOFILE): 1048576:1048576
2025/10/08 09:31:34 [notice] 1#1: start worker processes
2025/10/08 09:31:34 [notice] 1#1: start worker process 20
2025/10/08 09:31:34 [notice] 1#1: start worker process 21
2025/10/08 09:31:34 [notice] 1#1: start worker process 22
2025/10/08 09:31:34 [notice] 1#1: start worker process 23
2025/10/08 09:31:34 [notice] 1#1: start worker process 24
2025/10/08 09:31:34 [notice] 1#1: start worker process 25
2025/10/08 09:31:34 [notice] 1#1: start worker process 26
2025/10/08 09:31:34 [notice] 1#1: start worker process 27
2025/10/08 09:33:42 [error] 23#23: *10 open() "/app/carmarket/static/rest_framework/css/bootstrap.min.css" failed (2: No such file or directory), client: 172.18.0.1, server: localhost, request: "GET /static/rest_framework/css/bootstrap.min.css HTTP/1.1", host: "127.0.0.1", referrer: "http://127.0.0.1/api/v1/car/"
2025/10/08 09:33:42 [error] 24#24: *8 open() "/app/carmarket/static/rest_framework/css/bootstrap-tweaks.css" failed (2: No such file or directory), client: 172.18.0.1, server: localhost, request: "GET /static/rest_framework/css/bootstrap-tweaks.css HTTP/1.1", host: "127.0.0.1", referrer: "http://127.0.0.1/api/v1/car/"
2025/10/08 09:33:42 [error] 25#25: *13 open() "/app/carmarket/static/rest_framework/css/prettify.css" failed (2: No such file or directory), client: 172.18.0.1, server: localhost, request: "GET /static/rest_framework/css/prettify.css HTTP/1.1", host: "127.0.0.1", referrer: "http://127.0.0.1/api/v1/car/"
2025/10/08 09:33:43 [error] 25#25: *13 open() "/app/carmarket/static/rest_framework/css/default.css" failed (2: No such file or directory), client: 172.18.0.1, server: localhost, request: "GET /static/rest_framework/css/default.css HTTP/1.1", host: "127.0.0.1", referrer: "http://127.0.0.1/api/v1/car/"
2025/10/08 09:33:43 [error] 23#23: *10 open() "/app/carmarket/static/rest_framework/js/ajax-form.js" failed (2: No such file or directory), client: 172.18.0.1, server: localhost, request: "GET /static/rest_framework/js/ajax-form.js HTTP/1.1", host: "127.0.0.1", referrer: "http://127.0.0.1/api/v1/car/"
2025/10/08 09:33:43 [error] 24#24: *8 open() "/app/carmarket/static/rest_framework/js/jquery-3.7.1.min.js" failed (2: No such file or directory), client: 172.18.0.1, server: localhost, request: "GET /static/rest_framework/js/jquery-3.7.1.min.js HTTP/1.1", host: "127.0.0.1", referrer: "http://127.0.0.1/api/v1/car/"
2025/10/08 09:33:43 [error] 23#23: *10 open() "/app/carmarket/static/rest_framework/js/csrf.js" failed (2: No such file or directory), client: 172.18.0.1, server: localhost, request: "GET /static/rest_framework/js/csrf.js HTTP/1.1", host: "127.0.0.1", referrer: "http://127.0.0.1/api/v1/car/"
2025/10/08 09:33:43 [error] 24#24: *8 open() "/app/carmarket/static/rest_framework/js/prettify-min.js" failed (2: No such file or directory), client: 172.18.0.1, server: localhost, request: "GET /static/rest_framework/js/prettify-min.js HTTP/1.1", host: "127.0.0.1", referrer: "http://127.0.0.1/api/v1/car/"
2025/10/08 09:33:43 [error] 23#23: *10 open() "/app/carmarket/static/rest_framework/js/bootstrap.min.js" failed (2: No such file or directory), client: 172.18.0.1, server: localhost, request: "GET /static/rest_framework/js/bootstrap.min.js HTTP/1.1", host: "127.0.0.1", referrer: "http://127.0.0.1/api/v1/car/"
2025/10/08 09:33:43 [error] 25#25: *13 open() "/app/carmarket/static/rest_framework/js/default.js" failed (2: No such file or directory), client: 172.18.0.1, server: localhost, request: "GET /static/rest_framework/js/default.js HTTP/1.1", host: "127.0.0.1", referrer: "http://127.0.0.1/api/v1/car/"
2025/10/08 09:33:43 [error] 25#25: *13 open() "/app/carmarket/static/rest_framework/js/load-ajax-form.js" failed (2: No such file or directory), client: 172.18.0.1, server: localhost, request: "GET /static/rest_framework/js/load-ajax-form.js HTTP/1.1", host: "127.0.0.1", referrer: "http://127.0.0.1/api/v1/car/"
2025/10/08 09:34:20 [notice] 1#1: signal 3 (SIGQUIT) received, shutting down
2025/10/08 09:34:20 [notice] 25#25: gracefully shutting down
2025/10/08 09:34:20 [notice] 25#25: exiting
2025/10/08 09:34:20 [notice] 23#23: gracefully shutting down
2025/10/08 09:34:20 [notice] 23#23: exiting
2025/10/08 09:34:20 [notice] 24#24: gracefully shutting down
2025/10/08 09:34:20 [notice] 21#21: gracefully shutting down
2025/10/08 09:34:20 [notice] 26#26: gracefully shutting down
2025/10/08 09:34:20 [notice] 20#20: gracefully shutting down
2025/10/08 09:34:20 [notice] 22#22: gracefully shutting down
2025/10/08 09:34:20 [notice] 22#22: exiting
2025/10/08 09:34:20 [notice] 27#27: gracefully shutting down
2025/10/08 09:34:20 [notice] 25#25: exit
2025/10/08 09:34:20 [notice] 23#23: exit
2025/10/08 09:34:20 [notice] 24#24: exiting
2025/10/08 09:34:20 [notice] 24#24: exit
2025/10/08 09:34:20 [notice] 21#21: exiting
2025/10/08 09:34:20 [notice] 26#26: exiting
2025/10/08 09:34:20 [notice] 20#20: exiting
2025/10/08 09:34:20 [notice] 20#20: exit
2025/10/08 09:34:20 [notice] 22#22: exit
2025/10/08 09:34:20 [notice] 27#27: exiting
2025/10/08 09:34:20 [notice] 21#21: exit
2025/10/08 09:34:20 [notice] 26#26: exit
2025/10/08 09:34:20 [notice] 27#27: exit
2025/10/08 09:34:20 [notice] 1#1: signal 17 (SIGCHLD) received from 27
2025/10/08 09:34:20 [notice] 1#1: worker process 21 exited with code 0
2025/10/08 09:34:20 [notice] 1#1: worker process 20 exited with code 0
2025/10/08 09:34:20 [notice] 1#1: worker process 22 exited with code 0
2025/10/08 09:34:20 [notice] 1#1: worker process 23 exited with code 0
2025/10/08 09:34:20 [notice] 1#1: worker process 24 exited with code 0
2025/10/08 09:34:20 [notice] 1#1: worker process 26 exited with code 0
2025/10/08 09:34:20 [notice] 1#1: worker process 27 exited with code 0
2025/10/08 09:34:20 [notice] 1#1: signal 29 (SIGIO) received
2025/10/08 09:34:20 [notice] 1#1: signal 17 (SIGCHLD) received from 26
2025/10/08 09:34:20 [notice] 1#1: signal 17 (SIGCHLD) received from 25
2025/10/08 09:34:20 [notice] 1#1: worker process 25 exited with code 0
2025/10/08 09:34:20 [notice] 1#1: exit
2025/10/08 09:37:51 [notice] 1#1: using the "epoll" event method
2025/10/08 09:37:51 [notice] 1#1: nginx/1.29.2
2025/10/08 09:37:51 [notice] 1#1: built by gcc 14.2.0 (Debian 14.2.0-19) 
2025/10/08 09:37:51 [notice] 1#1: OS: Linux 6.10.14-linuxkit
2025/10/08 09:37:51 [notice] 1#1: getrlimit(RLIMIT_NOFILE): 1048576:1048576
2025/10/08 09:37:51 [notice] 1#1: start worker processes
2025/10/08 09:37:51 [notice] 1#1: start worker process 20
2025/10/08 09:37:51 [notice] 1#1: start worker process 21
2025/10/08 09:37:51 [notice] 1#1: start worker process 22
2025/10/08 09:37:51 [notice] 1#1: start worker process 23
2025/10/08 09:37:51 [notice] 1#1: start worker process 24
2025/10/08 09:37:51 [notice] 1#1: start worker process 25
2025/10/08 09:37:51 [notice] 1#1: start worker process 26
2025/10/08 09:37:51 [notice] 1#1: start worker process 27
2025/10/08 09:38:00 [error] 21#21: *1 open() "/app/carmarket/static/rest_framework/css/bootstrap.min.css" failed (2: No such file or directory), client: 172.18.0.1, server: localhost, request: "GET /static/rest_framework/css/bootstrap.min.css HTTP/1.1", host: "127.0.0.1", referrer: "http://127.0.0.1/api/v1/car/"
2025/10/08 09:38:00 [error] 20#20: *2 open() "/app/carmarket/static/rest_framework/css/bootstrap-tweaks.css" failed (2: No such file or directory), client: 172.18.0.1, server: localhost, request: "GET /static/rest_framework/css/bootstrap-tweaks.css HTTP/1.1", host: "127.0.0.1", referrer: "http://127.0.0.1/api/v1/car/"
2025/10/08 09:38:00 [error] 22#22: *5 open() "/app/carmarket/static/rest_framework/css/default.css" failed (2: No such file or directory), client: 172.18.0.1, server: localhost, request: "GET /static/rest_framework/css/default.css HTTP/1.1", host: "127.0.0.1", referrer: "http://127.0.0.1/api/v1/car/"
2025/10/08 09:38:00 [error] 21#21: *1 open() "/app/carmarket/static/rest_framework/js/csrf.js" failed (2: No such file or directory), client: 172.18.0.1, server: localhost, request: "GET /static/rest_framework/js/csrf.js HTTP/1.1", host: "127.0.0.1", referrer: "http://127.0.0.1/api/v1/car/"
2025/10/08 09:38:00 [error] 25#25: *7 open() "/app/carmarket/static/rest_framework/js/ajax-form.js" failed (2: No such file or directory), client: 172.18.0.1, server: localhost, request: "GET /static/rest_framework/js/ajax-form.js HTTP/1.1", host: "127.0.0.1", referrer: "http://127.0.0.1/api/v1/car/"
2025/10/08 09:38:00 [error] 24#24: *6 open() "/app/carmarket/static/rest_framework/js/jquery-3.7.1.min.js" failed (2: No such file or directory), client: 172.18.0.1, server: localhost, request: "GET /static/rest_framework/js/jquery-3.7.1.min.js HTTP/1.1", host: "127.0.0.1", referrer: "http://127.0.0.1/api/v1/car/"
2025/10/08 09:38:00 [error] 22#22: *4 open() "/app/carmarket/static/rest_framework/css/prettify.css" failed (2: No such file or directory), client: 172.18.0.1, server: localhost, request: "GET /static/rest_framework/css/prettify.css HTTP/1.1", host: "127.0.0.1", referrer: "http://127.0.0.1/api/v1/car/"
2025/10/08 09:38:00 [error] 20#20: *2 open() "/app/carmarket/static/rest_framework/js/bootstrap.min.js" failed (2: No such file or directory), client: 172.18.0.1, server: localhost, request: "GET /static/rest_framework/js/bootstrap.min.js HTTP/1.1", host: "127.0.0.1", referrer: "http://127.0.0.1/api/v1/car/"
2025/10/08 09:38:00 [error] 21#21: *1 open() "/app/carmarket/static/rest_framework/js/default.js" failed (2: No such file or directory), client: 172.18.0.1, server: localhost, request: "GET /static/rest_framework/js/default.js HTTP/1.1", host: "127.0.0.1", referrer: "http://127.0.0.1/api/v1/car/"
2025/10/08 09:38:00 [error] 24#24: *6 open() "/app/carmarket/static/rest_framework/js/load-ajax-form.js" failed (2: No such file or directory), client: 172.18.0.1, server: localhost, request: "GET /static/rest_framework/js/load-ajax-form.js HTTP/1.1", host: "127.0.0.1", referrer: "http://127.0.0.1/api/v1/car/"
2025/10/08 09:38:00 [error] 22#22: *5 open() "/app/carmarket/static/rest_framework/js/prettify-min.js" failed (2: No such file or directory), client: 172.18.0.1, server: localhost, request: "GET /static/rest_framework/js/prettify-min.js HTTP/1.1", host: "127.0.0.1", referrer: "http://127.0.0.1/api/v1/car/"
2025/10/08 09:39:19 [notice] 1#1: signal 3 (SIGQUIT) received, shutting down
2025/10/08 09:39:19 [notice] 20#20: gracefully shutting down
2025/10/08 09:39:19 [notice] 21#21: gracefully shutting down
2025/10/08 09:39:19 [notice] 23#23: gracefully shutting down
2025/10/08 09:39:19 [notice] 25#25: gracefully shutting down
2025/10/08 09:39:19 [notice] 26#26: gracefully shutting down
2025/10/08 09:39:19 [notice] 27#27: gracefully shutting down
2025/10/08 09:39:19 [notice] 22#22: gracefully shutting down
2025/10/08 09:39:19 [notice] 22#22: exiting
2025/10/08 09:39:19 [notice] 24#24: gracefully shutting down
2025/10/08 09:39:19 [notice] 20#20: exiting
2025/10/08 09:39:19 [notice] 21#21: exiting
2025/10/08 09:39:19 [notice] 23#23: exiting
2025/10/08 09:39:19 [notice] 25#25: exiting
2025/10/08 09:39:19 [notice] 26#26: exiting
2025/10/08 09:39:19 [notice] 27#27: exiting
2025/10/08 09:39:19 [notice] 22#22: exit
2025/10/08 09:39:19 [notice] 24#24: exiting
2025/10/08 09:39:19 [notice] 24#24: exit
2025/10/08 09:39:19 [notice] 20#20: exit
2025/10/08 09:39:19 [notice] 21#21: exit
2025/10/08 09:39:19 [notice] 23#23: exit
2025/10/08 09:39:19 [notice] 25#25: exit
2025/10/08 09:39:19 [notice] 26#26: exit
2025/10/08 09:39:19 [notice] 27#27: exit
2025/10/08 09:39:19 [notice] 1#1: signal 17 (SIGCHLD) received from 22
2025/10/08 09:39:19 [notice] 1#1: worker process 22 exited with code 0
2025/10/08 09:39:19 [notice] 1#1: worker process 24 exited with code 0
2025/10/08 09:39:19 [notice] 1#1: worker process 25 exited with code 0
2025/10/08 09:39:19 [notice] 1#1: worker process 27 exited with code 0
2025/10/08 09:39:19 [notice] 1#1: signal 29 (SIGIO) received
2025/10/08 09:39:19 [notice] 1#1: signal 17 (SIGCHLD) received from 27
2025/10/08 09:39:19 [notice] 1#1: signal 17 (SIGCHLD) received from 21
2025/10/08 09:39:19 [notice] 1#1: worker process 20 exited with code 0
2025/10/08 09:39:19 [notice] 1#1: worker process 21 exited with code 0
2025/10/08 09:39:19 [notice] 1#1: worker process 23 exited with code 0
2025/10/08 09:39:19 [notice] 1#1: worker process 26 exited with code 0
2025/10/08 09:39:19 [notice] 1#1: exit
2025/10/08 09:40:04 [notice] 1#1: using the "epoll" event method
2025/10/08 09:40:04 [notice] 1#1: nginx/1.29.2
2025/10/08 09:40:04 [notice] 1#1: built by gcc 14.2.0 (Debian 14.2.0-19) 
2025/10/08 09:40:04 [notice] 1#1: OS: Linux 6.10.14-linuxkit
2025/10/08 09:40:04 [notice] 1#1: getrlimit(RLIMIT_NOFILE): 1048576:1048576
2025/10/08 09:40:04 [notice] 1#1: start worker processes
2025/10/08 09:40:04 [notice] 1#1: start worker process 20
2025/10/08 09:40:04 [notice] 1#1: start worker process 21
2025/10/08 09:40:04 [notice] 1#1: start worker process 22
2025/10/08 09:40:04 [notice] 1#1: start worker process 23
2025/10/08 09:40:04 [notice] 1#1: start worker process 24
2025/10/08 09:40:04 [notice] 1#1: start worker process 25
2025/10/08 09:40:04 [notice] 1#1: start worker process 26
2025/10/08 09:40:04 [notice] 1#1: start worker process 27
2025/10/08 09:44:42 [notice] 1#1: signal 3 (SIGQUIT) received, shutting down
2025/10/08 09:44:42 [notice] 20#20: gracefully shutting down
2025/10/08 09:44:42 [notice] 21#21: gracefully shutting down
2025/10/08 09:44:42 [notice] 22#22: gracefully shutting down
2025/10/08 09:44:42 [notice] 23#23: gracefully shutting down
2025/10/08 09:44:42 [notice] 26#26: gracefully shutting down
2025/10/08 09:44:42 [notice] 24#24: gracefully shutting down
2025/10/08 09:44:42 [notice] 24#24: exiting
2025/10/08 09:44:42 [notice] 25#25: gracefully shutting down
2025/10/08 09:44:42 [notice] 27#27: gracefully shutting down
2025/10/08 09:44:42 [notice] 27#27: exiting
2025/10/08 09:44:42 [notice] 20#20: exiting
2025/10/08 09:44:42 [notice] 21#21: exiting
2025/10/08 09:44:42 [notice] 22#22: exiting
2025/10/08 09:44:42 [notice] 23#23: exiting
2025/10/08 09:44:42 [notice] 26#26: exiting
2025/10/08 09:44:42 [notice] 24#24: exit
2025/10/08 09:44:42 [notice] 25#25: exiting
2025/10/08 09:44:42 [notice] 27#27: exit
2025/10/08 09:44:42 [notice] 20#20: exit
2025/10/08 09:44:42 [notice] 21#21: exit
2025/10/08 09:44:42 [notice] 22#22: exit
2025/10/08 09:44:42 [notice] 23#23: exit
2025/10/08 09:44:42 [notice] 26#26: exit
2025/10/08 09:44:42 [notice] 25#25: exit
2025/10/08 09:44:42 [notice] 1#1: signal 17 (SIGCHLD) received from 20
2025/10/08 09:44:42 [notice] 1#1: worker process 20 exited with code 0
2025/10/08 09:44:42 [notice] 1#1: worker process 23 exited with code 0
2025/10/08 09:44:42 [notice] 1#1: worker process 24 exited with code 0
2025/10/08 09:44:42 [notice] 1#1: worker process 25 exited with code 0
2025/10/08 09:44:42 [notice] 1#1: signal 29 (SIGIO) received
2025/10/08 09:44:42 [notice] 1#1: signal 17 (SIGCHLD) received from 24
2025/10/08 09:44:42 [notice] 1#1: signal 17 (SIGCHLD) received from 27
2025/10/08 09:44:42 [notice] 1#1: worker process 21 exited with code 0
2025/10/08 09:44:42 [notice] 1#1: worker process 22 exited with code 0
2025/10/08 09:44:42 [notice] 1#1: worker process 27 exited with code 0
2025/10/08 09:44:42 [notice] 1#1: signal 17 (SIGCHLD) received from 21
2025/10/08 09:44:42 [notice] 1#1: worker process 26 exited with code 0
2025/10/08 09:44:42 [notice] 1#1: exit
2025/10/08 09:45:15 [notice] 1#1: using the "epoll" event method
2025/10/08 09:45:15 [notice] 1#1: nginx/1.29.2
2025/10/08 09:45:15 [notice] 1#1: built by gcc 14.2.0 (Debian 14.2.0-19) 
2025/10/08 09:45:15 [notice] 1#1: OS: Linux 6.10.14-linuxkit
2025/10/08 09:45:15 [notice] 1#1: getrlimit(RLIMIT_NOFILE): 1048576:1048576
2025/10/08 09:45:15 [notice] 1#1: start worker processes
2025/10/08 09:45:15 [notice] 1#1: start worker process 19
2025/10/08 09:45:15 [notice] 1#1: start worker process 20
2025/10/08 09:45:15 [notice] 1#1: start worker process 21
2025/10/08 09:45:15 [notice] 1#1: start worker process 22
2025/10/08 09:45:15 [notice] 1#1: start worker process 23
2025/10/08 09:45:15 [notice] 1#1: start worker process 24
2025/10/08 09:45:15 [notice] 1#1: start worker process 25
2025/10/08 09:45:15 [notice] 1#1: start worker process 26
2025/10/08 10:14:03 [notice] 1#1: signal 3 (SIGQUIT) received, shutting down
2025/10/08 10:14:03 [notice] 20#20: gracefully shutting down
2025/10/08 10:14:03 [notice] 21#21: gracefully shutting down
2025/10/08 10:14:03 [notice] 21#21: exiting
2025/10/08 10:14:03 [notice] 22#22: gracefully shutting down
2025/10/08 10:14:03 [notice] 23#23: gracefully shutting down
2025/10/08 10:14:03 [notice] 25#25: gracefully shutting down
2025/10/08 10:14:03 [notice] 25#25: exiting
2025/10/08 10:14:03 [notice] 26#26: gracefully shutting down
2025/10/08 10:14:03 [notice] 24#24: gracefully shutting down
2025/10/08 10:14:03 [notice] 19#19: gracefully shutting down
2025/10/08 10:14:03 [notice] 20#20: exiting
2025/10/08 10:14:03 [notice] 21#21: exit
2025/10/08 10:14:03 [notice] 23#23: exiting
2025/10/08 10:14:03 [notice] 22#22: exiting
2025/10/08 10:14:03 [notice] 25#25: exit
2025/10/08 10:14:03 [notice] 26#26: exiting
2025/10/08 10:14:03 [notice] 24#24: exiting
2025/10/08 10:14:03 [notice] 19#19: exiting
2025/10/08 10:14:03 [notice] 20#20: exit
2025/10/08 10:14:03 [notice] 23#23: exit
2025/10/08 10:14:03 [notice] 22#22: exit
2025/10/08 10:14:03 [notice] 26#26: exit
2025/10/08 10:14:03 [notice] 24#24: exit
2025/10/08 10:14:03 [notice] 19#19: exit
2025/10/08 10:14:03 [notice] 1#1: signal 17 (SIGCHLD) received from 23
2025/10/08 10:14:03 [notice] 1#1: worker process 21 exited with code 0
2025/10/08 10:14:03 [notice] 1#1: worker process 20 exited with code 0
2025/10/08 10:14:03 [notice] 1#1: worker process 22 exited with code 0
2025/10/08 10:14:03 [notice] 1#1: worker process 23 exited with code 0
2025/10/08 10:14:03 [notice] 1#1: worker process 25 exited with code 0
2025/10/08 10:14:03 [notice] 1#1: signal 29 (SIGIO) received
2025/10/08 10:14:03 [notice] 1#1: signal 17 (SIGCHLD) received from 25
2025/10/08 10:14:03 [notice] 1#1: signal 17 (SIGCHLD) received from 19
2025/10/08 10:14:03 [notice] 1#1: worker process 19 exited with code 0
2025/10/08 10:14:03 [notice] 1#1: worker process 24 exited with code 0
2025/10/08 10:14:03 [notice] 1#1: worker process 26 exited with code 0
2025/10/08 10:14:03 [notice] 1#1: exit
2025/10/08 10:14:49 [notice] 1#1: using the "epoll" event method
2025/10/08 10:14:49 [notice] 1#1: nginx/1.29.2
2025/10/08 10:14:49 [notice] 1#1: built by gcc 14.2.0 (Debian 14.2.0-19) 
2025/10/08 10:14:49 [notice] 1#1: OS: Linux 6.10.14-linuxkit
2025/10/08 10:14:49 [notice] 1#1: getrlimit(RLIMIT_NOFILE): 1048576:1048576
2025/10/08 10:14:49 [notice] 1#1: start worker processes
2025/10/08 10:14:49 [notice] 1#1: start worker process 19
2025/10/08 10:14:49 [notice] 1#1: start worker process 20
2025/10/08 10:14:49 [notice] 1#1: start worker process 21
2025/10/08 10:14:49 [notice] 1#1: start worker process 22
2025/10/08 10:14:49 [notice] 1#1: start worker process 23
2025/10/08 10:14:49 [notice] 1#1: start worker process 24
2025/10/08 10:14:49 [notice] 1#1: start worker process 25
2025/10/08 10:14:49 [notice] 1#1: start worker process 26
2025/10/08 10:19:58 [notice] 1#1: signal 3 (SIGQUIT) received, shutting down
2025/10/08 10:19:58 [notice] 23#23: gracefully shutting down
2025/10/08 10:19:58 [notice] 26#26: gracefully shutting down
2025/10/08 10:19:58 [notice] 23#23: exiting
2025/10/08 10:19:58 [notice] 20#20: gracefully shutting down
2025/10/08 10:19:58 [notice] 20#20: exiting
2025/10/08 10:19:58 [notice] 22#22: gracefully shutting down
2025/10/08 10:19:58 [notice] 22#22: exiting
2025/10/08 10:19:58 [notice] 21#21: gracefully shutting down
2025/10/08 10:19:58 [notice] 24#24: gracefully shutting down
2025/10/08 10:19:58 [notice] 24#24: exiting
2025/10/08 10:19:58 [notice] 25#25: gracefully shutting down
2025/10/08 10:19:58 [notice] 19#19: gracefully shutting down
2025/10/08 10:19:58 [notice] 26#26: exiting
2025/10/08 10:19:58 [notice] 23#23: exit
2025/10/08 10:19:58 [notice] 20#20: exit
2025/10/08 10:19:58 [notice] 21#21: exiting
2025/10/08 10:19:58 [notice] 22#22: exit
2025/10/08 10:19:58 [notice] 24#24: exit
2025/10/08 10:19:58 [notice] 25#25: exiting
2025/10/08 10:19:58 [notice] 19#19: exiting
2025/10/08 10:19:58 [notice] 19#19: exit
2025/10/08 10:19:58 [notice] 26#26: exit
2025/10/08 10:19:58 [notice] 21#21: exit
2025/10/08 10:19:58 [notice] 25#25: exit
2025/10/08 10:19:59 [notice] 1#1: signal 17 (SIGCHLD) received from 23
2025/10/08 10:19:59 [notice] 1#1: worker process 19 exited with code 0
2025/10/08 10:19:59 [notice] 1#1: worker process 23 exited with code 0
2025/10/08 10:19:59 [notice] 1#1: worker process 24 exited with code 0
2025/10/08 10:19:59 [notice] 1#1: signal 29 (SIGIO) received
2025/10/08 10:19:59 [notice] 1#1: signal 17 (SIGCHLD) received from 24
2025/10/08 10:19:59 [notice] 1#1: signal 17 (SIGCHLD) received from 25
2025/10/08 10:19:59 [notice] 1#1: worker process 20 exited with code 0
2025/10/08 10:19:59 [notice] 1#1: worker process 22 exited with code 0
2025/10/08 10:19:59 [notice] 1#1: worker process 21 exited with code 0
2025/10/08 10:19:59 [notice] 1#1: worker process 25 exited with code 0
2025/10/08 10:19:59 [notice] 1#1: signal 29 (SIGIO) received
2025/10/08 10:19:59 [notice] 1#1: signal 17 (SIGCHLD) received from 20
2025/10/08 10:19:59 [notice] 1#1: signal 17 (SIGCHLD) received from 26
2025/10/08 10:19:59 [notice] 1#1: worker process 26 exited with code 0
2025/10/08 10:19:59 [notice] 1#1: exit
2025/10/08 11:04:43 [notice] 1#1: using the "epoll" event method
2025/10/08 11:04:43 [notice] 1#1: nginx/1.29.2
2025/10/08 11:04:43 [notice] 1#1: built by gcc 14.2.0 (Debian 14.2.0-19) 
2025/10/08 11:04:43 [notice] 1#1: OS: Linux 6.10.14-linuxkit
2025/10/08 11:04:43 [notice] 1#1: getrlimit(RLIMIT_NOFILE): 1048576:1048576
2025/10/08 11:04:43 [notice] 1#1: start worker processes
2025/10/08 11:04:43 [notice] 1#1: start worker process 20
2025/10/08 11:04:43 [notice] 1#1: start worker process 21
2025/10/08 11:04:43 [notice] 1#1: start worker process 22
2025/10/08 11:04:43 [notice] 1#1: start worker process 23
2025/10/08 11:04:43 [notice] 1#1: start worker process 24
2025/10/08 11:04:43 [notice] 1#1: start worker process 25
2025/10/08 11:04:43 [notice] 1#1: start worker process 26
2025/10/08 11:04:43 [notice] 1#1: start worker process 27
2025/10/08 11:07:53 [notice] 1#1: signal 3 (SIGQUIT) received, shutting down
2025/10/08 11:07:53 [notice] 21#21: gracefully shutting down
2025/10/08 11:07:53 [notice] 21#21: exiting
2025/10/08 11:07:53 [notice] 22#22: gracefully shutting down
2025/10/08 11:07:53 [notice] 25#25: gracefully shutting down
2025/10/08 11:07:53 [notice] 20#20: gracefully shutting down
2025/10/08 11:07:53 [notice] 20#20: exiting
2025/10/08 11:07:53 [notice] 23#23: gracefully shutting down
2025/10/08 11:07:53 [notice] 23#23: exiting
2025/10/08 11:07:53 [notice] 24#24: gracefully shutting down
2025/10/08 11:07:53 [notice] 27#27: gracefully shutting down
2025/10/08 11:07:53 [notice] 26#26: gracefully shutting down
2025/10/08 11:07:53 [notice] 21#21: exit
2025/10/08 11:07:53 [notice] 22#22: exiting
2025/10/08 11:07:53 [notice] 25#25: exiting
2025/10/08 11:07:53 [notice] 20#20: exit
2025/10/08 11:07:53 [notice] 23#23: exit
2025/10/08 11:07:53 [notice] 24#24: exiting
2025/10/08 11:07:53 [notice] 27#27: exiting
2025/10/08 11:07:53 [notice] 26#26: exiting
2025/10/08 11:07:53 [notice] 22#22: exit
2025/10/08 11:07:53 [notice] 25#25: exit
2025/10/08 11:07:53 [notice] 24#24: exit
2025/10/08 11:07:53 [notice] 27#27: exit
2025/10/08 11:07:53 [notice] 26#26: exit
2025/10/08 11:07:53 [notice] 1#1: signal 17 (SIGCHLD) received from 25
2025/10/08 11:07:53 [notice] 1#1: worker process 21 exited with code 0
2025/10/08 11:07:53 [notice] 1#1: worker process 22 exited with code 0
2025/10/08 11:07:53 [notice] 1#1: worker process 24 exited with code 0
2025/10/08 11:07:53 [notice] 1#1: worker process 25 exited with code 0
2025/10/08 11:07:53 [notice] 1#1: worker process 26 exited with code 0
2025/10/08 11:07:53 [notice] 1#1: signal 29 (SIGIO) received
2025/10/08 11:07:53 [notice] 1#1: signal 17 (SIGCHLD) received from 26
2025/10/08 11:07:53 [notice] 1#1: signal 17 (SIGCHLD) received from 23
2025/10/08 11:07:53 [notice] 1#1: worker process 20 exited with code 0
2025/10/08 11:07:53 [notice] 1#1: worker process 23 exited with code 0
2025/10/08 11:07:53 [notice] 1#1: worker process 27 exited with code 0
2025/10/08 11:07:53 [notice] 1#1: exit
2025/10/08 11:35:14 [notice] 1#1: using the "epoll" event method
2025/10/08 11:35:14 [notice] 1#1: nginx/1.29.2
2025/10/08 11:35:14 [notice] 1#1: built by gcc 14.2.0 (Debian 14.2.0-19) 
2025/10/08 11:35:14 [notice] 1#1: OS: Linux 6.10.14-linuxkit
2025/10/08 11:35:14 [notice] 1#1: getrlimit(RLIMIT_NOFILE): 1048576:1048576
2025/10/08 11:35:14 [notice] 1#1: start worker processes
2025/10/08 11:35:14 [notice] 1#1: start worker process 20
2025/10/08 11:35:14 [notice] 1#1: start worker process 21
2025/10/08 11:35:14 [notice] 1#1: start worker process 22
2025/10/08 11:35:14 [notice] 1#1: start worker process 23
2025/10/08 11:35:14 [notice] 1#1: start worker process 24
2025/10/08 11:35:14 [notice] 1#1: start worker process 25
2025/10/08 11:35:14 [notice] 1#1: start worker process 26
2025/10/08 11:35:14 [notice] 1#1: start worker process 27
2025/10/08 11:36:49 [notice] 1#1: signal 3 (SIGQUIT) received, shutting down
2025/10/08 11:36:49 [notice] 22#22: gracefully shutting down
2025/10/08 11:36:49 [notice] 20#20: gracefully shutting down
2025/10/08 11:36:49 [notice] 21#21: gracefully shutting down
2025/10/08 11:36:49 [notice] 23#23: gracefully shutting down
2025/10/08 11:36:49 [notice] 27#27: gracefully shutting down
2025/10/08 11:36:49 [notice] 24#24: gracefully shutting down
2025/10/08 11:36:49 [notice] 26#26: gracefully shutting down
2025/10/08 11:36:49 [notice] 25#25: gracefully shutting down
2025/10/08 11:36:49 [notice] 25#25: exiting
2025/10/08 11:36:49 [notice] 22#22: exiting
2025/10/08 11:36:49 [notice] 20#20: exiting
2025/10/08 11:36:49 [notice] 20#20: exit
2025/10/08 11:36:49 [notice] 21#21: exiting
2025/10/08 11:36:49 [notice] 23#23: exiting
2025/10/08 11:36:49 [notice] 27#27: exiting
2025/10/08 11:36:49 [notice] 24#24: exiting
2025/10/08 11:36:49 [notice] 26#26: exiting
2025/10/08 11:36:49 [notice] 24#24: exit
2025/10/08 11:36:49 [notice] 25#25: exit
2025/10/08 11:36:49 [notice] 22#22: exit
2025/10/08 11:36:49 [notice] 21#21: exit
2025/10/08 11:36:49 [notice] 23#23: exit
2025/10/08 11:36:49 [notice] 27#27: exit
2025/10/08 11:36:49 [notice] 26#26: exit
2025/10/08 11:36:49 [notice] 1#1: signal 17 (SIGCHLD) received from 21
2025/10/08 11:36:49 [notice] 1#1: worker process 21 exited with code 0
2025/10/08 11:36:49 [notice] 1#1: worker process 20 exited with code 0
2025/10/08 11:36:49 [notice] 1#1: worker process 22 exited with code 0
2025/10/08 11:36:49 [notice] 1#1: worker process 23 exited with code 0
2025/10/08 11:36:49 [notice] 1#1: worker process 24 exited with code 0
2025/10/08 11:36:49 [notice] 1#1: worker process 26 exited with code 0
2025/10/08 11:36:49 [notice] 1#1: signal 29 (SIGIO) received
2025/10/08 11:36:49 [notice] 1#1: signal 17 (SIGCHLD) received from 24
2025/10/08 11:36:49 [notice] 1#1: signal 17 (SIGCHLD) received from 27
2025/10/08 11:36:49 [notice] 1#1: worker process 25 exited with code 0
2025/10/08 11:36:49 [notice] 1#1: worker process 27 exited with code 0
2025/10/08 11:36:49 [notice] 1#1: exit
2025/10/08 13:07:01 [notice] 1#1: using the "epoll" event method
2025/10/08 13:07:01 [notice] 1#1: nginx/1.29.2
2025/10/08 13:07:01 [notice] 1#1: built by gcc 14.2.0 (Debian 14.2.0-19) 
2025/10/08 13:07:01 [notice] 1#1: OS: Linux 6.10.14-linuxkit
2025/10/08 13:07:01 [notice] 1#1: getrlimit(RLIMIT_NOFILE): 1048576:1048576
2025/10/08 13:07:01 [notice] 1#1: start worker processes
2025/10/08 13:07:01 [notice] 1#1: start worker process 20
2025/10/08 13:07:01 [notice] 1#1: start worker process 21
2025/10/08 13:07:01 [notice] 1#1: start worker process 22
2025/10/08 13:07:01 [notice] 1#1: start worker process 23
2025/10/08 13:07:01 [notice] 1#1: start worker process 24
2025/10/08 13:07:01 [notice] 1#1: start worker process 25
2025/10/08 13:07:01 [notice] 1#1: start worker process 26
2025/10/08 13:07:01 [notice] 1#1: start worker process 27
2025/10/08 13:07:10 [notice] 1#1: signal 3 (SIGQUIT) received, shutting down
2025/10/08 13:07:10 [notice] 20#20: gracefully shutting down
2025/10/08 13:07:10 [notice] 21#21: gracefully shutting down
2025/10/08 13:07:10 [notice] 22#22: gracefully shutting down
2025/10/08 13:07:10 [notice] 22#22: exiting
2025/10/08 13:07:10 [notice] 27#27: gracefully shutting down
2025/10/08 13:07:10 [notice] 24#24: gracefully shutting down
2025/10/08 13:07:10 [notice] 23#23: gracefully shutting down
2025/10/08 13:07:10 [notice] 26#26: gracefully shutting down
2025/10/08 13:07:10 [notice] 25#25: gracefully shutting down
2025/10/08 13:07:10 [notice] 20#20: exiting
2025/10/08 13:07:10 [notice] 21#21: exiting
2025/10/08 13:07:10 [notice] 22#22: exit
2025/10/08 13:07:10 [notice] 27#27: exiting
2025/10/08 13:07:10 [notice] 24#24: exiting
2025/10/08 13:07:10 [notice] 23#23: exiting
2025/10/08 13:07:10 [notice] 26#26: exiting
2025/10/08 13:07:10 [notice] 23#23: exit
2025/10/08 13:07:10 [notice] 25#25: exiting
2025/10/08 13:07:10 [notice] 20#20: exit
2025/10/08 13:07:10 [notice] 25#25: exit
2025/10/08 13:07:10 [notice] 21#21: exit
2025/10/08 13:07:10 [notice] 27#27: exit
2025/10/08 13:07:10 [notice] 24#24: exit
2025/10/08 13:07:10 [notice] 26#26: exit
2025/10/08 13:07:10 [notice] 1#1: signal 17 (SIGCHLD) received from 25
2025/10/08 13:07:10 [notice] 1#1: worker process 20 exited with code 0
2025/10/08 13:07:10 [notice] 1#1: worker process 24 exited with code 0
2025/10/08 13:07:10 [notice] 1#1: worker process 25 exited with code 0
2025/10/08 13:07:10 [notice] 1#1: worker process 26 exited with code 0
2025/10/08 13:07:10 [notice] 1#1: worker process 27 exited with code 0
2025/10/08 13:07:10 [notice] 1#1: signal 29 (SIGIO) received
2025/10/08 13:07:10 [notice] 1#1: signal 17 (SIGCHLD) received from 26
2025/10/08 13:07:10 [notice] 1#1: signal 17 (SIGCHLD) received from 23
2025/10/08 13:07:10 [notice] 1#1: worker process 22 exited with code 0
2025/10/08 13:07:10 [notice] 1#1: worker process 21 exited with code 0
2025/10/08 13:07:10 [notice] 1#1: worker process 23 exited with code 0
2025/10/08 13:07:10 [notice] 1#1: exit
2025/10/08 13:25:43 [notice] 1#1: using the "epoll" event method
2025/10/08 13:25:43 [notice] 1#1: nginx/1.29.2
2025/10/08 13:25:43 [notice] 1#1: built by gcc 14.2.0 (Debian 14.2.0-19) 
2025/10/08 13:25:43 [notice] 1#1: OS: Linux 6.10.14-linuxkit
2025/10/08 13:25:43 [notice] 1#1: getrlimit(RLIMIT_NOFILE): 1048576:1048576
2025/10/08 13:25:43 [notice] 1#1: start worker processes
2025/10/08 13:25:43 [notice] 1#1: start worker process 20
2025/10/08 13:25:43 [notice] 1#1: start worker process 21
2025/10/08 13:25:43 [notice] 1#1: start worker process 22
2025/10/08 13:25:43 [notice] 1#1: start worker process 23
2025/10/08 13:25:43 [notice] 1#1: start worker process 24
2025/10/08 13:25:43 [notice] 1#1: start worker process 25
2025/10/08 13:25:43 [notice] 1#1: start worker process 26
2025/10/08 13:25:43 [notice] 1#1: start worker process 27
2025/10/08 13:56:44 [notice] 1#1: signal 3 (SIGQUIT) received, shutting down
2025/10/08 13:56:44 [notice] 22#22: gracefully shutting down
2025/10/08 13:56:44 [notice] 26#26: gracefully shutting down
2025/10/08 13:56:44 [notice] 21#21: gracefully shutting down
2025/10/08 13:56:44 [notice] 21#21: exiting
2025/10/08 13:56:44 [notice] 23#23: gracefully shutting down
2025/10/08 13:56:44 [notice] 27#27: gracefully shutting down
2025/10/08 13:56:44 [notice] 20#20: gracefully shutting down
2025/10/08 13:56:44 [notice] 24#24: gracefully shutting down
2025/10/08 13:56:44 [notice] 24#24: exiting
2025/10/08 13:56:44 [notice] 25#25: gracefully shutting down
2025/10/08 13:56:44 [notice] 22#22: exiting
2025/10/08 13:56:44 [notice] 26#26: exiting
2025/10/08 13:56:44 [notice] 21#21: exit
2025/10/08 13:56:44 [notice] 23#23: exiting
2025/10/08 13:56:44 [notice] 27#27: exiting
2025/10/08 13:56:44 [notice] 20#20: exiting
2025/10/08 13:56:44 [notice] 24#24: exit
2025/10/08 13:56:44 [notice] 25#25: exiting
2025/10/08 13:56:44 [notice] 20#20: exit
2025/10/08 13:56:44 [notice] 22#22: exit
2025/10/08 13:56:44 [notice] 26#26: exit
2025/10/08 13:56:44 [notice] 23#23: exit
2025/10/08 13:56:44 [notice] 27#27: exit
2025/10/08 13:56:44 [notice] 25#25: exit
2025/10/08 13:56:44 [notice] 1#1: signal 17 (SIGCHLD) received from 22
2025/10/08 13:56:44 [notice] 1#1: worker process 20 exited with code 0
2025/10/08 13:56:44 [notice] 1#1: worker process 21 exited with code 0
2025/10/08 13:56:44 [notice] 1#1: worker process 22 exited with code 0
2025/10/08 13:56:44 [notice] 1#1: worker process 23 exited with code 0
2025/10/08 13:56:44 [notice] 1#1: worker process 24 exited with code 0
2025/10/08 13:56:44 [notice] 1#1: worker process 25 exited with code 0
2025/10/08 13:56:44 [notice] 1#1: worker process 27 exited with code 0
2025/10/08 13:56:44 [notice] 1#1: signal 29 (SIGIO) received
2025/10/08 13:56:44 [notice] 1#1: signal 17 (SIGCHLD) received from 26
2025/10/08 13:56:44 [notice] 1#1: worker process 26 exited with code 0
2025/10/08 13:56:44 [notice] 1#1: exit
2025/10/08 13:57:33 [notice] 1#1: using the "epoll" event method
2025/10/08 13:57:33 [notice] 1#1: nginx/1.29.2
2025/10/08 13:57:33 [notice] 1#1: built by gcc 14.2.0 (Debian 14.2.0-19) 
2025/10/08 13:57:33 [notice] 1#1: OS: Linux 6.10.14-linuxkit
2025/10/08 13:57:33 [notice] 1#1: getrlimit(RLIMIT_NOFILE): 1048576:1048576
2025/10/08 13:57:33 [notice] 1#1: start worker processes
2025/10/08 13:57:33 [notice] 1#1: start worker process 20
2025/10/08 13:57:33 [notice] 1#1: start worker process 21
2025/10/08 13:57:33 [notice] 1#1: start worker process 22
2025/10/08 13:57:33 [notice] 1#1: start worker process 23
2025/10/08 13:57:33 [notice] 1#1: start worker process 24
2025/10/08 13:57:33 [notice] 1#1: start worker process 25
2025/10/08 13:57:33 [notice] 1#1: start worker process 26
2025/10/08 13:57:33 [notice] 1#1: start worker process 27
2025/10/08 13:59:51 [notice] 1#1: signal 3 (SIGQUIT) received, shutting down
2025/10/08 13:59:51 [notice] 25#25: gracefully shutting down
2025/10/08 13:59:51 [notice] 21#21: gracefully shutting down
2025/10/08 13:59:51 [notice] 24#24: gracefully shutting down
2025/10/08 13:59:51 [notice] 20#20: gracefully shutting down
2025/10/08 13:59:51 [notice] 27#27: gracefully shutting down
2025/10/08 13:59:51 [notice] 26#26: gracefully shutting down
2025/10/08 13:59:51 [notice] 26#26: exiting
2025/10/08 13:59:51 [notice] 22#22: gracefully shutting down
2025/10/08 13:59:51 [notice] 23#23: gracefully shutting down
2025/10/08 13:59:51 [notice] 25#25: exiting
2025/10/08 13:59:51 [notice] 21#21: exiting
2025/10/08 13:59:51 [notice] 24#24: exiting
2025/10/08 13:59:51 [notice] 24#24: exit
2025/10/08 13:59:51 [notice] 20#20: exiting
2025/10/08 13:59:51 [notice] 27#27: exiting
2025/10/08 13:59:51 [notice] 26#26: exit
2025/10/08 13:59:51 [notice] 22#22: exiting
2025/10/08 13:59:51 [notice] 23#23: exiting
2025/10/08 13:59:51 [notice] 21#21: exit
2025/10/08 13:59:51 [notice] 25#25: exit
2025/10/08 13:59:51 [notice] 20#20: exit
2025/10/08 13:59:51 [notice] 27#27: exit
2025/10/08 13:59:51 [notice] 22#22: exit
2025/10/08 13:59:51 [notice] 23#23: exit
2025/10/08 13:59:51 [notice] 1#1: signal 17 (SIGCHLD) received from 24
2025/10/08 13:59:51 [notice] 1#1: worker process 24 exited with code 0
2025/10/08 13:59:51 [notice] 1#1: signal 29 (SIGIO) received
2025/10/08 13:59:51 [notice] 1#1: signal 17 (SIGCHLD) received from 26
2025/10/08 13:59:51 [notice] 1#1: worker process 20 exited with code 0
2025/10/08 13:59:51 [notice] 1#1: worker process 21 exited with code 0
2025/10/08 13:59:51 [notice] 1#1: worker process 22 exited with code 0
2025/10/08 13:59:51 [notice] 1#1: worker process 23 exited with code 0
2025/10/08 13:59:51 [notice] 1#1: worker process 25 exited with code 0
2025/10/08 13:59:51 [notice] 1#1: worker process 26 exited with code 0
2025/10/08 13:59:51 [notice] 1#1: worker process 27 exited with code 0
2025/10/08 13:59:51 [notice] 1#1: exit
2025/10/08 14:00:26 [notice] 1#1: using the "epoll" event method
2025/10/08 14:00:26 [notice] 1#1: nginx/1.29.2
2025/10/08 14:00:26 [notice] 1#1: built by gcc 14.2.0 (Debian 14.2.0-19) 
2025/10/08 14:00:26 [notice] 1#1: OS: Linux 6.10.14-linuxkit
2025/10/08 14:00:26 [notice] 1#1: getrlimit(RLIMIT_NOFILE): 1048576:1048576
2025/10/08 14:00:26 [notice] 1#1: start worker processes
2025/10/08 14:00:26 [notice] 1#1: start worker process 20
2025/10/08 14:00:26 [notice] 1#1: start worker process 21
2025/10/08 14:00:26 [notice] 1#1: start worker process 22
2025/10/08 14:00:26 [notice] 1#1: start worker process 23
2025/10/08 14:00:26 [notice] 1#1: start worker process 24
2025/10/08 14:00:26 [notice] 1#1: start worker process 25
2025/10/08 14:00:26 [notice] 1#1: start worker process 26
2025/10/08 14:00:26 [notice] 1#1: start worker process 27
2025/10/08 14:00:57 [notice] 1#1: signal 3 (SIGQUIT) received, shutting down
2025/10/08 14:00:57 [notice] 22#22: gracefully shutting down
2025/10/08 14:00:57 [notice] 20#20: gracefully shutting down
2025/10/08 14:00:57 [notice] 21#21: gracefully shutting down
2025/10/08 14:00:57 [notice] 23#23: gracefully shutting down
2025/10/08 14:00:57 [notice] 23#23: exiting
2025/10/08 14:00:57 [notice] 24#24: gracefully shutting down
2025/10/08 14:00:57 [notice] 25#25: gracefully shutting down
2025/10/08 14:00:57 [notice] 26#26: gracefully shutting down
2025/10/08 14:00:57 [notice] 27#27: gracefully shutting down
2025/10/08 14:00:57 [notice] 22#22: exiting
2025/10/08 14:00:57 [notice] 20#20: exiting
2025/10/08 14:00:57 [notice] 20#20: exit
2025/10/08 14:00:57 [notice] 21#21: exiting
2025/10/08 14:00:57 [notice] 24#24: exiting
2025/10/08 14:00:57 [notice] 23#23: exit
2025/10/08 14:00:57 [notice] 25#25: exiting
2025/10/08 14:00:57 [notice] 26#26: exiting
2025/10/08 14:00:57 [notice] 25#25: exit
2025/10/08 14:00:57 [notice] 27#27: exiting
2025/10/08 14:00:57 [notice] 22#22: exit
2025/10/08 14:00:57 [notice] 27#27: exit
2025/10/08 14:00:57 [notice] 21#21: exit
2025/10/08 14:00:57 [notice] 24#24: exit
2025/10/08 14:00:57 [notice] 26#26: exit
2025/10/08 14:00:57 [notice] 1#1: signal 17 (SIGCHLD) received from 21
2025/10/08 14:00:57 [notice] 1#1: worker process 20 exited with code 0
2025/10/08 14:00:57 [notice] 1#1: worker process 21 exited with code 0
2025/10/08 14:00:57 [notice] 1#1: worker process 22 exited with code 0
2025/10/08 14:00:57 [notice] 1#1: worker process 23 exited with code 0
2025/10/08 14:00:57 [notice] 1#1: worker process 24 exited with code 0
2025/10/08 14:00:57 [notice] 1#1: worker process 25 exited with code 0
2025/10/08 14:00:57 [notice] 1#1: worker process 26 exited with code 0
2025/10/08 14:00:57 [notice] 1#1: worker process 27 exited with code 0
2025/10/08 14:00:57 [notice] 1#1: exit
2025/10/08 14:01:19 [notice] 1#1: using the "epoll" event method
2025/10/08 14:01:19 [notice] 1#1: nginx/1.29.2
2025/10/08 14:01:19 [notice] 1#1: built by gcc 14.2.0 (Debian 14.2.0-19) 
2025/10/08 14:01:19 [notice] 1#1: OS: Linux 6.10.14-linuxkit
2025/10/08 14:01:19 [notice] 1#1: getrlimit(RLIMIT_NOFILE): 1048576:1048576
2025/10/08 14:01:19 [notice] 1#1: start worker processes
2025/10/08 14:01:19 [notice] 1#1: start worker process 19
2025/10/08 14:01:19 [notice] 1#1: start worker process 20
2025/10/08 14:01:19 [notice] 1#1: start worker process 21
2025/10/08 14:01:19 [notice] 1#1: start worker process 22
2025/10/08 14:01:19 [notice] 1#1: start worker process 23
2025/10/08 14:01:19 [notice] 1#1: start worker process 24
2025/10/08 14:01:19 [notice] 1#1: start worker process 25
2025/10/08 14:01:19 [notice] 1#1: start worker process 26
2025/10/08 14:44:04 [notice] 1#1: signal 3 (SIGQUIT) received, shutting down
2025/10/08 14:44:04 [notice] 21#21: gracefully shutting down
2025/10/08 14:44:04 [notice] 21#21: exiting
2025/10/08 14:44:04 [notice] 19#19: gracefully shutting down
2025/10/08 14:44:04 [notice] 23#23: gracefully shutting down
2025/10/08 14:44:04 [notice] 23#23: exiting
2025/10/08 14:44:04 [notice] 22#22: gracefully shutting down
2025/10/08 14:44:04 [notice] 24#24: gracefully shutting down
2025/10/08 14:44:04 [notice] 26#26: gracefully shutting down
2025/10/08 14:44:04 [notice] 26#26: exiting
2025/10/08 14:44:04 [notice] 25#25: gracefully shutting down
2025/10/08 14:44:04 [notice] 20#20: gracefully shutting down
2025/10/08 14:44:04 [notice] 26#26: exit
2025/10/08 14:44:04 [notice] 21#21: exit
2025/10/08 14:44:04 [notice] 19#19: exiting
2025/10/08 14:44:04 [notice] 19#19: exit
2025/10/08 14:44:04 [notice] 23#23: exit
2025/10/08 14:44:04 [notice] 22#22: exiting
2025/10/08 14:44:04 [notice] 24#24: exiting
2025/10/08 14:44:04 [notice] 25#25: exiting
2025/10/08 14:44:04 [notice] 20#20: exiting
2025/10/08 14:44:04 [notice] 22#22: exit
2025/10/08 14:44:04 [notice] 24#24: exit
2025/10/08 14:44:04 [notice] 25#25: exit
2025/10/08 14:44:04 [notice] 20#20: exit
2025/10/08 14:44:04 [notice] 1#1: signal 17 (SIGCHLD) received from 26
2025/10/08 14:44:04 [notice] 1#1: worker process 19 exited with code 0
2025/10/08 14:44:04 [notice] 1#1: worker process 21 exited with code 0
2025/10/08 14:44:04 [notice] 1#1: worker process 24 exited with code 0
2025/10/08 14:44:04 [notice] 1#1: worker process 26 exited with code 0
2025/10/08 14:44:04 [notice] 1#1: signal 29 (SIGIO) received
2025/10/08 14:44:04 [notice] 1#1: signal 17 (SIGCHLD) received from 21
2025/10/08 14:44:04 [notice] 1#1: signal 17 (SIGCHLD) received from 23
2025/10/08 14:44:04 [notice] 1#1: worker process 22 exited with code 0
2025/10/08 14:44:04 [notice] 1#1: worker process 23 exited with code 0
2025/10/08 14:44:04 [notice] 1#1: signal 29 (SIGIO) received
2025/10/08 14:44:04 [notice] 1#1: signal 17 (SIGCHLD) received from 25
2025/10/08 14:44:04 [notice] 1#1: worker process 20 exited with code 0
2025/10/08 14:44:04 [notice] 1#1: worker process 25 exited with code 0
2025/10/08 14:44:04 [notice] 1#1: exit
2025/10/08 14:46:01 [notice] 1#1: using the "epoll" event method
2025/10/08 14:46:01 [notice] 1#1: nginx/1.29.2
2025/10/08 14:46:01 [notice] 1#1: built by gcc 14.2.0 (Debian 14.2.0-19) 
2025/10/08 14:46:01 [notice] 1#1: OS: Linux 6.10.14-linuxkit
2025/10/08 14:46:01 [notice] 1#1: getrlimit(RLIMIT_NOFILE): 1048576:1048576
2025/10/08 14:46:01 [notice] 1#1: start worker processes
2025/10/08 14:46:01 [notice] 1#1: start worker process 19
2025/10/08 14:46:01 [notice] 1#1: start worker process 20
2025/10/08 14:46:01 [notice] 1#1: start worker process 21
2025/10/08 14:46:01 [notice] 1#1: start worker process 22
2025/10/08 14:46:01 [notice] 1#1: start worker process 23
2025/10/08 14:46:01 [notice] 1#1: start worker process 24
2025/10/08 14:46:01 [notice] 1#1: start worker process 25
2025/10/08 14:46:01 [notice] 1#1: start worker process 26
2025/10/08 15:10:35 [notice] 1#1: signal 3 (SIGQUIT) received, shutting down
2025/10/08 15:10:35 [notice] 20#20: gracefully shutting down
2025/10/08 15:10:35 [notice] 20#20: exiting
2025/10/08 15:10:35 [notice] 21#21: gracefully shutting down
2025/10/08 15:10:35 [notice] 21#21: exiting
2025/10/08 15:10:35 [notice] 24#24: gracefully shutting down
2025/10/08 15:10:35 [notice] 26#26: gracefully shutting down
2025/10/08 15:10:35 [notice] 22#22: gracefully shutting down
2025/10/08 15:10:35 [notice] 22#22: exiting
2025/10/08 15:10:35 [notice] 22#22: exit
2025/10/08 15:10:35 [notice] 25#25: gracefully shutting down
2025/10/08 15:10:35 [notice] 19#19: gracefully shutting down
2025/10/08 15:10:35 [notice] 19#19: exiting
2025/10/08 15:10:35 [notice] 23#23: gracefully shutting down
2025/10/08 15:10:35 [notice] 23#23: exiting
2025/10/08 15:10:35 [notice] 20#20: exit
2025/10/08 15:10:35 [notice] 21#21: exit
2025/10/08 15:10:35 [notice] 24#24: exiting
2025/10/08 15:10:35 [notice] 26#26: exiting
2025/10/08 15:10:35 [notice] 25#25: exiting
2025/10/08 15:10:35 [notice] 19#19: exit
2025/10/08 15:10:35 [notice] 23#23: exit
2025/10/08 15:10:35 [notice] 24#24: exit
2025/10/08 15:10:35 [notice] 26#26: exit
2025/10/08 15:10:35 [notice] 25#25: exit
2025/10/08 15:10:35 [notice] 1#1: signal 17 (SIGCHLD) received from 22
2025/10/08 15:10:35 [notice] 1#1: worker process 22 exited with code 0
2025/10/08 15:10:35 [notice] 1#1: signal 29 (SIGIO) received
2025/10/08 15:10:35 [notice] 1#1: signal 17 (SIGCHLD) received from 24
2025/10/08 15:10:35 [notice] 1#1: worker process 19 exited with code 0
2025/10/08 15:10:35 [notice] 1#1: worker process 20 exited with code 0
2025/10/08 15:10:35 [notice] 1#1: worker process 21 exited with code 0
2025/10/08 15:10:35 [notice] 1#1: worker process 23 exited with code 0
2025/10/08 15:10:35 [notice] 1#1: worker process 24 exited with code 0
2025/10/08 15:10:35 [notice] 1#1: worker process 25 exited with code 0
2025/10/08 15:10:35 [notice] 1#1: worker process 26 exited with code 0
2025/10/08 15:10:35 [notice] 1#1: exit
2025/10/09 05:29:45 [notice] 1#1: using the "epoll" event method
2025/10/09 05:29:45 [notice] 1#1: nginx/1.29.2
2025/10/09 05:29:45 [notice] 1#1: built by gcc 14.2.0 (Debian 14.2.0-19) 
2025/10/09 05:29:45 [notice] 1#1: OS: Linux 6.10.14-linuxkit
2025/10/09 05:29:45 [notice] 1#1: getrlimit(RLIMIT_NOFILE): 1048576:1048576
2025/10/09 05:29:45 [notice] 1#1: start worker processes
2025/10/09 05:29:45 [notice] 1#1: start worker process 20
2025/10/09 05:29:45 [notice] 1#1: start worker process 21
2025/10/09 05:29:45 [notice] 1#1: start worker process 22
2025/10/09 05:29:45 [notice] 1#1: start worker process 23
2025/10/09 05:29:45 [notice] 1#1: start worker process 24
2025/10/09 05:29:45 [notice] 1#1: start worker process 25
2025/10/09 05:29:45 [notice] 1#1: start worker process 26
2025/10/09 05:29:45 [notice] 1#1: start worker process 27
2025/10/09 05:30:19 [notice] 1#1: signal 3 (SIGQUIT) received, shutting down
2025/10/09 05:30:19 [notice] 23#23: gracefully shutting down
2025/10/09 05:30:19 [notice] 20#20: gracefully shutting down
2025/10/09 05:30:19 [notice] 22#22: gracefully shutting down
2025/10/09 05:30:19 [notice] 27#27: gracefully shutting down
2025/10/09 05:30:19 [notice] 27#27: exiting
2025/10/09 05:30:19 [notice] 26#26: gracefully shutting down
2025/10/09 05:30:19 [notice] 26#26: exiting
2025/10/09 05:30:19 [notice] 21#21: gracefully shutting down
2025/10/09 05:30:19 [notice] 21#21: exiting
2025/10/09 05:30:19 [notice] 25#25: gracefully shutting down
2025/10/09 05:30:19 [notice] 25#25: exiting
2025/10/09 05:30:19 [notice] 24#24: gracefully shutting down
2025/10/09 05:30:19 [notice] 24#24: exiting
2025/10/09 05:30:19 [notice] 23#23: exiting
2025/10/09 05:30:19 [notice] 20#20: exiting
2025/10/09 05:30:19 [notice] 22#22: exiting
2025/10/09 05:30:19 [notice] 27#27: exit
2025/10/09 05:30:19 [notice] 20#20: exit
2025/10/09 05:30:19 [notice] 26#26: exit
2025/10/09 05:30:19 [notice] 21#21: exit
2025/10/09 05:30:19 [notice] 25#25: exit
2025/10/09 05:30:19 [notice] 24#24: exit
2025/10/09 05:30:19 [notice] 23#23: exit
2025/10/09 05:30:19 [notice] 22#22: exit
2025/10/09 05:30:19 [notice] 1#1: signal 17 (SIGCHLD) received from 27
2025/10/09 05:30:19 [notice] 1#1: worker process 27 exited with code 0
2025/10/09 05:30:19 [notice] 1#1: signal 29 (SIGIO) received
2025/10/09 05:30:19 [notice] 1#1: signal 17 (SIGCHLD) received from 20
2025/10/09 05:30:19 [notice] 1#1: worker process 20 exited with code 0
2025/10/09 05:30:19 [notice] 1#1: worker process 26 exited with code 0
2025/10/09 05:30:19 [notice] 1#1: worker process 25 exited with code 0
2025/10/09 05:30:19 [notice] 1#1: signal 29 (SIGIO) received
2025/10/09 05:30:19 [notice] 1#1: signal 17 (SIGCHLD) received from 26
2025/10/09 05:30:19 [notice] 1#1: worker process 24 exited with code 0
2025/10/09 05:30:19 [notice] 1#1: signal 29 (SIGIO) received
2025/10/09 05:30:19 [notice] 1#1: signal 17 (SIGCHLD) received from 24
2025/10/09 05:30:19 [notice] 1#1: signal 17 (SIGCHLD) received from 23
2025/10/09 05:30:19 [notice] 1#1: worker process 21 exited with code 0
2025/10/09 05:30:19 [notice] 1#1: worker process 23 exited with code 0
2025/10/09 05:30:19 [notice] 1#1: signal 29 (SIGIO) received
2025/10/09 05:30:19 [notice] 1#1: signal 17 (SIGCHLD) received from 22
2025/10/09 05:30:19 [notice] 1#1: worker process 22 exited with code 0
2025/10/09 05:30:19 [notice] 1#1: exit
2025/10/09 05:32:46 [notice] 1#1: using the "epoll" event method
2025/10/09 05:32:46 [notice] 1#1: nginx/1.29.2
2025/10/09 05:32:46 [notice] 1#1: built by gcc 14.2.0 (Debian 14.2.0-19) 
2025/10/09 05:32:46 [notice] 1#1: OS: Linux 6.10.14-linuxkit
2025/10/09 05:32:46 [notice] 1#1: getrlimit(RLIMIT_NOFILE): 1048576:1048576
2025/10/09 05:32:46 [notice] 1#1: start worker processes
2025/10/09 05:32:46 [notice] 1#1: start worker process 20
2025/10/09 05:32:46 [notice] 1#1: start worker process 21
2025/10/09 05:32:46 [notice] 1#1: start worker process 22
2025/10/09 05:32:46 [notice] 1#1: start worker process 23
2025/10/09 05:32:46 [notice] 1#1: start worker process 24
2025/10/09 05:32:46 [notice] 1#1: start worker process 25
2025/10/09 05:32:46 [notice] 1#1: start worker process 26
2025/10/09 05:32:46 [notice] 1#1: start worker process 27
2025/10/09 05:36:23 [notice] 1#1: signal 3 (SIGQUIT) received, shutting down
2025/10/09 05:36:23 [notice] 24#24: gracefully shutting down
2025/10/09 05:36:23 [notice] 24#24: exiting
2025/10/09 05:36:23 [notice] 22#22: gracefully shutting down
2025/10/09 05:36:23 [notice] 23#23: gracefully shutting down
2025/10/09 05:36:23 [notice] 25#25: gracefully shutting down
2025/10/09 05:36:23 [notice] 25#25: exiting
2025/10/09 05:36:23 [notice] 20#20: gracefully shutting down
2025/10/09 05:36:23 [notice] 20#20: exiting
2025/10/09 05:36:23 [notice] 21#21: gracefully shutting down
2025/10/09 05:36:23 [notice] 26#26: gracefully shutting down
2025/10/09 05:36:23 [notice] 26#26: exiting
2025/10/09 05:36:23 [notice] 27#27: gracefully shutting down
2025/10/09 05:36:23 [notice] 24#24: exit
2025/10/09 05:36:23 [notice] 22#22: exiting
2025/10/09 05:36:23 [notice] 22#22: exit
2025/10/09 05:36:23 [notice] 23#23: exiting
2025/10/09 05:36:23 [notice] 23#23: exit
2025/10/09 05:36:23 [notice] 25#25: exit
2025/10/09 05:36:23 [notice] 20#20: exit
2025/10/09 05:36:23 [notice] 21#21: exiting
2025/10/09 05:36:23 [notice] 26#26: exit
2025/10/09 05:36:23 [notice] 27#27: exiting
2025/10/09 05:36:23 [notice] 21#21: exit
2025/10/09 05:36:23 [notice] 27#27: exit
2025/10/09 05:36:23 [notice] 1#1: signal 17 (SIGCHLD) received from 22
2025/10/09 05:36:23 [notice] 1#1: worker process 22 exited with code 0
2025/10/09 05:36:23 [notice] 1#1: worker process 24 exited with code 0
2025/10/09 05:36:23 [notice] 1#1: signal 29 (SIGIO) received
2025/10/09 05:36:23 [notice] 1#1: signal 17 (SIGCHLD) received from 21
2025/10/09 05:36:23 [notice] 1#1: worker process 20 exited with code 0
2025/10/09 05:36:23 [notice] 1#1: worker process 21 exited with code 0
2025/10/09 05:36:23 [notice] 1#1: worker process 23 exited with code 0
2025/10/09 05:36:23 [notice] 1#1: worker process 25 exited with code 0
2025/10/09 05:36:23 [notice] 1#1: worker process 26 exited with code 0
2025/10/09 05:36:23 [notice] 1#1: worker process 27 exited with code 0
2025/10/09 05:36:23 [notice] 1#1: exit
2025/10/09 05:41:55 [notice] 1#1: using the "epoll" event method
2025/10/09 05:41:55 [notice] 1#1: nginx/1.29.2
2025/10/09 05:41:55 [notice] 1#1: built by gcc 14.2.0 (Debian 14.2.0-19) 
2025/10/09 05:41:55 [notice] 1#1: OS: Linux 6.10.14-linuxkit
2025/10/09 05:41:55 [notice] 1#1: getrlimit(RLIMIT_NOFILE): 1048576:1048576
2025/10/09 05:41:55 [notice] 1#1: start worker processes
2025/10/09 05:41:55 [notice] 1#1: start worker process 19
2025/10/09 05:41:55 [notice] 1#1: start worker process 20
2025/10/09 05:41:55 [notice] 1#1: start worker process 21
2025/10/09 05:41:55 [notice] 1#1: start worker process 22
2025/10/09 05:41:55 [notice] 1#1: start worker process 23
2025/10/09 05:41:55 [notice] 1#1: start worker process 24
2025/10/09 05:41:55 [notice] 1#1: start worker process 25
2025/10/09 05:41:55 [notice] 1#1: start worker process 26
2025/10/09 06:32:22 [notice] 1#1: signal 3 (SIGQUIT) received, shutting down
2025/10/09 06:32:22 [notice] 19#19: gracefully shutting down
2025/10/09 06:32:22 [notice] 20#20: gracefully shutting down
2025/10/09 06:32:22 [notice] 20#20: exiting
2025/10/09 06:32:22 [notice] 23#23: gracefully shutting down
2025/10/09 06:32:22 [notice] 22#22: gracefully shutting down
2025/10/09 06:32:22 [notice] 26#26: gracefully shutting down
2025/10/09 06:32:22 [notice] 21#21: gracefully shutting down
2025/10/09 06:32:22 [notice] 24#24: gracefully shutting down
2025/10/09 06:32:22 [notice] 24#24: exiting
2025/10/09 06:32:22 [notice] 25#25: gracefully shutting down
2025/10/09 06:32:22 [notice] 19#19: exiting
2025/10/09 06:32:22 [notice] 20#20: exit
2025/10/09 06:32:22 [notice] 23#23: exiting
2025/10/09 06:32:22 [notice] 22#22: exiting
2025/10/09 06:32:22 [notice] 23#23: exit
2025/10/09 06:32:22 [notice] 26#26: exiting
2025/10/09 06:32:22 [notice] 21#21: exiting
2025/10/09 06:32:22 [notice] 21#21: exit
2025/10/09 06:32:22 [notice] 24#24: exit
2025/10/09 06:32:22 [notice] 25#25: exiting
2025/10/09 06:32:22 [notice] 25#25: exit
2025/10/09 06:32:22 [notice] 19#19: exit
2025/10/09 06:32:22 [notice] 26#26: exit
2025/10/09 06:32:22 [notice] 22#22: exit
2025/10/09 06:32:22 [notice] 1#1: signal 17 (SIGCHLD) received from 20
2025/10/09 06:32:22 [notice] 1#1: worker process 20 exited with code 0
2025/10/09 06:32:22 [notice] 1#1: signal 29 (SIGIO) received
2025/10/09 06:32:22 [notice] 1#1: signal 17 (SIGCHLD) received from 24
2025/10/09 06:32:22 [notice] 1#1: worker process 24 exited with code 0
2025/10/09 06:32:22 [notice] 1#1: signal 29 (SIGIO) received
2025/10/09 06:32:22 [notice] 1#1: signal 17 (SIGCHLD) received from 25
2025/10/09 06:32:22 [notice] 1#1: worker process 19 exited with code 0
2025/10/09 06:32:22 [notice] 1#1: worker process 21 exited with code 0
2025/10/09 06:32:22 [notice] 1#1: worker process 22 exited with code 0
2025/10/09 06:32:22 [notice] 1#1: worker process 23 exited with code 0
2025/10/09 06:32:22 [notice] 1#1: worker process 25 exited with code 0
2025/10/09 06:32:22 [notice] 1#1: worker process 26 exited with code 0
2025/10/09 06:32:22 [notice] 1#1: exit
2025/10/09 06:34:30 [notice] 1#1: using the "epoll" event method
2025/10/09 06:34:30 [notice] 1#1: nginx/1.29.2
2025/10/09 06:34:30 [notice] 1#1: built by gcc 14.2.0 (Debian 14.2.0-19) 
2025/10/09 06:34:30 [notice] 1#1: OS: Linux 6.10.14-linuxkit
2025/10/09 06:34:30 [notice] 1#1: getrlimit(RLIMIT_NOFILE): 1048576:1048576
2025/10/09 06:34:30 [notice] 1#1: start worker processes
2025/10/09 06:34:30 [notice] 1#1: start worker process 20
2025/10/09 06:34:30 [notice] 1#1: start worker process 21
2025/10/09 06:34:30 [notice] 1#1: start worker process 22
2025/10/09 06:34:30 [notice] 1#1: start worker process 23
2025/10/09 06:34:30 [notice] 1#1: start worker process 24
2025/10/09 06:34:30 [notice] 1#1: start worker process 25
2025/10/09 06:34:30 [notice] 1#1: start worker process 26
2025/10/09 06:34:30 [notice] 1#1: start worker process 27
2025/10/09 06:34:53 [notice] 1#1: signal 3 (SIGQUIT) received, shutting down
2025/10/09 06:34:53 [notice] 20#20: gracefully shutting down
2025/10/09 06:34:53 [notice] 20#20: exiting
2025/10/09 06:34:53 [notice] 24#24: gracefully shutting down
2025/10/09 06:34:53 [notice] 24#24: exiting
2025/10/09 06:34:53 [notice] 23#23: gracefully shutting down
2025/10/09 06:34:53 [notice] 27#27: gracefully shutting down
2025/10/09 06:34:53 [notice] 27#27: exiting
2025/10/09 06:34:53 [notice] 26#26: gracefully shutting down
2025/10/09 06:34:53 [notice] 25#25: gracefully shutting down
2025/10/09 06:34:53 [notice] 21#21: gracefully shutting down
2025/10/09 06:34:53 [notice] 21#21: exiting
2025/10/09 06:34:53 [notice] 20#20: exit
2025/10/09 06:34:53 [notice] 22#22: gracefully shutting down
2025/10/09 06:34:53 [notice] 24#24: exit
2025/10/09 06:34:53 [notice] 23#23: exiting
2025/10/09 06:34:53 [notice] 27#27: exit
2025/10/09 06:34:53 [notice] 26#26: exiting
2025/10/09 06:34:53 [notice] 25#25: exiting
2025/10/09 06:34:53 [notice] 25#25: exit
2025/10/09 06:34:53 [notice] 21#21: exit
2025/10/09 06:34:53 [notice] 22#22: exiting
2025/10/09 06:34:53 [notice] 23#23: exit
2025/10/09 06:34:53 [notice] 26#26: exit
2025/10/09 06:34:53 [notice] 22#22: exit
2025/10/09 06:34:53 [notice] 1#1: signal 17 (SIGCHLD) received from 20
2025/10/09 06:34:53 [notice] 1#1: worker process 20 exited with code 0
2025/10/09 06:34:53 [notice] 1#1: signal 29 (SIGIO) received
2025/10/09 06:34:53 [notice] 1#1: signal 17 (SIGCHLD) received from 23
2025/10/09 06:34:53 [notice] 1#1: worker process 22 exited with code 0
2025/10/09 06:34:53 [notice] 1#1: worker process 21 exited with code 0
2025/10/09 06:34:53 [notice] 1#1: worker process 23 exited with code 0
2025/10/09 06:34:53 [notice] 1#1: worker process 24 exited with code 0
2025/10/09 06:34:53 [notice] 1#1: worker process 25 exited with code 0
2025/10/09 06:34:53 [notice] 1#1: worker process 26 exited with code 0
2025/10/09 06:34:53 [notice] 1#1: worker process 27 exited with code 0
2025/10/09 06:34:53 [notice] 1#1: exit
2025/10/09 06:35:07 [notice] 1#1: using the "epoll" event method
2025/10/09 06:35:07 [notice] 1#1: nginx/1.29.2
2025/10/09 06:35:07 [notice] 1#1: built by gcc 14.2.0 (Debian 14.2.0-19) 
2025/10/09 06:35:07 [notice] 1#1: OS: Linux 6.10.14-linuxkit
2025/10/09 06:35:07 [notice] 1#1: getrlimit(RLIMIT_NOFILE): 1048576:1048576
2025/10/09 06:35:07 [notice] 1#1: start worker processes
2025/10/09 06:35:07 [notice] 1#1: start worker process 19
2025/10/09 06:35:07 [notice] 1#1: start worker process 20
2025/10/09 06:35:07 [notice] 1#1: start worker process 21
2025/10/09 06:35:07 [notice] 1#1: start worker process 22
2025/10/09 06:35:07 [notice] 1#1: start worker process 23
2025/10/09 06:35:07 [notice] 1#1: start worker process 24
2025/10/09 06:35:07 [notice] 1#1: start worker process 25
2025/10/09 06:35:07 [notice] 1#1: start worker process 26
2025/10/09 06:50:37 [notice] 1#1: signal 3 (SIGQUIT) received, shutting down
2025/10/09 06:50:37 [notice] 21#21: gracefully shutting down
2025/10/09 06:50:37 [notice] 21#21: exiting
2025/10/09 06:50:37 [notice] 20#20: gracefully shutting down
2025/10/09 06:50:37 [notice] 19#19: gracefully shutting down
2025/10/09 06:50:37 [notice] 22#22: gracefully shutting down
2025/10/09 06:50:37 [notice] 22#22: exiting
2025/10/09 06:50:37 [notice] 23#23: gracefully shutting down
2025/10/09 06:50:37 [notice] 26#26: gracefully shutting down
2025/10/09 06:50:37 [notice] 24#24: gracefully shutting down
2025/10/09 06:50:37 [notice] 25#25: gracefully shutting down
2025/10/09 06:50:37 [notice] 21#21: exit
2025/10/09 06:50:37 [notice] 20#20: exiting
2025/10/09 06:50:37 [notice] 19#19: exiting
2025/10/09 06:50:37 [notice] 22#22: exit
2025/10/09 06:50:37 [notice] 23#23: exiting
2025/10/09 06:50:37 [notice] 26#26: exiting
2025/10/09 06:50:37 [notice] 24#24: exiting
2025/10/09 06:50:37 [notice] 24#24: exit
2025/10/09 06:50:37 [notice] 25#25: exiting
2025/10/09 06:50:37 [notice] 20#20: exit
2025/10/09 06:50:37 [notice] 19#19: exit
2025/10/09 06:50:37 [notice] 23#23: exit
2025/10/09 06:50:37 [notice] 26#26: exit
2025/10/09 06:50:37 [notice] 25#25: exit
2025/10/09 06:50:37 [notice] 1#1: signal 17 (SIGCHLD) received from 25
2025/10/09 06:50:37 [notice] 1#1: worker process 19 exited with code 0
2025/10/09 06:50:37 [notice] 1#1: worker process 21 exited with code 0
2025/10/09 06:50:37 [notice] 1#1: worker process 22 exited with code 0
2025/10/09 06:50:37 [notice] 1#1: worker process 25 exited with code 0
2025/10/09 06:50:37 [notice] 1#1: signal 29 (SIGIO) received
2025/10/09 06:50:37 [notice] 1#1: signal 17 (SIGCHLD) received from 19
2025/10/09 06:50:37 [notice] 1#1: signal 17 (SIGCHLD) received from 23
2025/10/09 06:50:37 [notice] 1#1: worker process 20 exited with code 0
2025/10/09 06:50:37 [notice] 1#1: worker process 23 exited with code 0
2025/10/09 06:50:37 [notice] 1#1: worker process 24 exited with code 0
2025/10/09 06:50:37 [notice] 1#1: worker process 26 exited with code 0
2025/10/09 06:50:37 [notice] 1#1: exit
